<?xml version="1.0" encoding="UTF-8"?>
<!-- Generated by org.testng.reporters.JUnitReportReporter -->
<testsuite skipped="0" hostname="DESKTOP-SR82C1V" name="qaclickacademy.Mavenjava.RESTAPITest" tests="2" failures="0" timestamp="2021-05-06T16:59:20 SGT" time="0.004" errors="0">
  <testcase name="deleteTwitter" time="0.004" classname="qaclickacademy.Mavenjava.RESTAPITest"/>
  <system-out/>
  <testcase name="postJira" time="0.000" classname="qaclickacademy.Mavenjava.RESTAPITest"/>
  <system-out/>
</testsuite> <!-- qaclickacademy.Mavenjava.RESTAPITest -->
